0 info it worked if it ends with ok
1 verbose cli [ 'C:\\Development\\nodejs\\node.exe',
1 verbose cli   'C:\\Development\\nodejs\\node_modules\\npm\\bin\\npm-cli.js',
1 verbose cli   'start' ]
2 info using npm@4.1.2
3 info using node@v7.7.3
4 verbose run-script [ 'prestart', 'start', 'poststart' ]
5 info lifecycle laboratorio@1.0.0~prestart: laboratorio@1.0.0
6 silly lifecycle laboratorio@1.0.0~prestart: no script for prestart, continuing
7 info lifecycle laboratorio@1.0.0~start: laboratorio@1.0.0
8 verbose lifecycle laboratorio@1.0.0~start: unsafe-perm in lifecycle true
9 verbose lifecycle laboratorio@1.0.0~start: PATH: C:\Development\nodejs\node_modules\npm\bin\node-gyp-bin;C:\GitHub\proyecto_laboratorio\ng_laboratorio\node_modules\.bin;C:\Program Files\Git\cmd;C:\Development\Python\env27\Scripts;C:\ProgramData\Oracle\Java\javapath;C:\Program Files (x86)\NVIDIA Corporation\PhysX\Common;C:\Windows\system32;C:\Windows;C:\Windows\System32\Wbem;C:\Windows\System32\WindowsPowerShell\v1.0\;C:\Program Files\Dell\DW WLAN Card;C:\Java\jdk1.8.0_72\bin;C:\Development\apache-maven-3.3.9\bin;.;C:\Google Drive\Apps\Portables\ConEmu;C:\Program Files\MySQL\MySQL Server 5.6\bin;C:\Program Files (x86)\Skype\Phone\;C:\Program Files\Git\cmd;C:\Development\Heroku\bin;C:\Development\nodejs\;C:\Development\Python\Python36\Scripts\;C:\Development\Python\Python36\;C:\Users\Felipe\AppData\Local\atom\bin;C:\Program Files (x86)\Sophos\Sophos SSL VPN Client\bin;C:\Development\Heroku\bin;C:\Program Files (x86)\Microsoft VS Code\bin;C:\Users\Felipe\AppData\Roaming\npm
10 verbose lifecycle laboratorio@1.0.0~start: CWD: C:\GitHub\proyecto_laboratorio\ng_laboratorio
11 silly lifecycle laboratorio@1.0.0~start: Args: [ '/d /s /c', 'tsc && concurrently "tsc -w" "lite-server" ' ]
12 verbose stack Error: kill ENOSYS
12 verbose stack     at exports._errnoException (util.js:1033:11)
12 verbose stack     at process.kill (internal/process.js:188:13)
12 verbose stack     at process.listener (C:\Development\nodejs\node_modules\npm\node_modules\npmlog\node_modules\gauge\node_modules\signal-exit\index.js:95:15)
12 verbose stack     at emitNone (events.js:86:13)
12 verbose stack     at process.emit (events.js:188:7)
12 verbose stack     at processEmit (C:\Development\nodejs\node_modules\npm\node_modules\npmlog\node_modules\gauge\node_modules\signal-exit\index.js:155:32)
12 verbose stack     at Signal.wrap.onsignal (internal/process.js:215:44)
13 verbose cwd C:\GitHub\proyecto_laboratorio\ng_laboratorio
14 error Windows_NT 6.1.7601
15 error argv "C:\\Development\\nodejs\\node.exe" "C:\\Development\\nodejs\\node_modules\\npm\\bin\\npm-cli.js" "start"
16 error node v7.7.3
17 error npm  v4.1.2
18 error code ENOSYS
19 error errno ENOSYS
20 error syscall kill
21 error kill ENOSYS
22 error If you need help, you may report this error at:
22 error     <https://github.com/npm/npm/issues>
23 verbose exit [ 1, true ]
